  0:00 ------------------------------------------------------------
  0:00 InitGame: \sv_hostname\Bring It On\sv_punkbuster\0\sv_maxRate\0\sv_minPing\0\sv_maxPing\0\sv_floodProtect\1\g_redTeam\Stroggs\g_blueTeam\Pagans\dmflags\0\fraglimit\0\timelimit\0\sv_maxclients\8\capturelimit\0\g_maxGameClients\0\version\Q3 1.32 win-x86 Oct  7 2002\g_gametype\0\protocol\68\mapname\Q3DM1\sv_privateClients\0\sv_allowDownload\0\gamename\baseq3\g_needpass\0
  0:00 ClientConnect: 0
  0:00 ClientUserinfoChanged: 0 n\NooB\t\0\model\orbb/default\hmodel\orbb/default\g_redteam\\g_blueteam\\c1\2\c2\5\hc\100\w\0\l\0\tt\0\tl\0
  0:00 ClientUserinfoChanged: 0 n\NooB\t\0\model\orbb/default\hmodel\orbb/default\g_redteam\\g_blueteam\\c1\2\c2\5\hc\100\w\0\l\0\tt\0\tl\0
  0:00 ClientBegin: 0
  0:04 ShutdownGame:
  0:04 ------------------------------------------------------------
  0:00 ------------------------------------------------------------
  0:00 InitGame: \g_maxGameClients\0\capturelimit\0\sv_maxclients\8\timelimit\0\fraglimit\0\dmflags\0\g_blueTeam\Pagans\g_redTeam\Stroggs\sv_floodProtect\1\sv_maxPing\0\sv_minPing\0\sv_maxRate\0\sv_punkbuster\0\sv_hostname\Bring It On\version\Q3 1.32 win-x86 Oct  7 2002\g_gametype\0\protocol\68\mapname\Q3DM1\sv_privateClients\0\sv_allowDownload\0\gamename\baseq3\g_needpass\0
  0:00 ClientConnect: 0
  0:00 ClientUserinfoChanged: 0 n\NooB\t\0\model\orbb/default\hmodel\orbb/default\g_redteam\\g_blueteam\\c1\2\c2\5\hc\100\w\0\l\0\tt\0\tl\0
  0:00 ClientUserinfoChanged: 0 n\NooB\t\0\model\orbb/default\hmodel\orbb/default\g_redteam\\g_blueteam\\c1\2\c2\5\hc\100\w\0\l\0\tt\0\tl\0
  0:00 ClientBegin: 0
  1:27 ClientUserinfoChanged: 0 n\NooB\t\0\model\orbb/default\hmodel\orbb/default\g_redteam\\g_blueteam\\c1\2\c2\5\hc\100\w\0\l\0\tt\0\tl\0
  1:31 ShutdownGame:
  1:31 ------------------------------------------------------------
  1:31 ------------------------------------------------------------
  1:31 InitGame: \g_maxGameClients\0\capturelimit\0\sv_maxclients\8\timelimit\0\fraglimit\0\dmflags\0\g_blueTeam\Pagans\g_redTeam\Stroggs\sv_floodProtect\1\sv_maxPing\0\sv_minPing\0\sv_maxRate\0\sv_punkbuster\0\sv_hostname\Bring It On\version\Q3 1.32 win-x86 Oct  7 2002\g_gametype\0\protocol\68\mapname\Q3DM1\sv_privateClients\0\sv_allowDownload\0\bot_minplayers\0\gamename\baseq3\g_needpass\0
  1:31 ClientConnect: 0
  1:31 ClientUserinfoChanged: 0 n\NooB\t\0\model\orbb/default\hmodel\orbb/default\g_redteam\\g_blueteam\\c1\2\c2\5\hc\100\w\0\l\0\tt\0\tl\0
  1:31 ClientBegin: 0
  1:32 ShutdownGame:
  1:32 ------------------------------------------------------------
  0:00 ------------------------------------------------------------
  0:00 InitGame: \sv_hostname\Bring It On\sv_punkbuster\0\sv_maxRate\0\sv_minPing\0\sv_maxPing\0\sv_floodProtect\1\g_redTeam\Stroggs\g_blueTeam\Pagans\dmflags\0\fraglimit\0\timelimit\0\sv_maxclients\8\capturelimit\0\g_maxGameClients\0\version\Q3 1.32 win-x86 Oct  7 2002\g_gametype\0\protocol\68\mapname\Q3DM1\sv_privateClients\0\sv_allowDownload\0\gamename\baseq3\g_needpass\0
  0:00 ClientConnect: 0
  0:00 ClientUserinfoChanged: 0 n\NooB\t\0\model\orbb/default\hmodel\orbb/default\g_redteam\\g_blueteam\\c1\2\c2\5\hc\100\w\0\l\0\tt\0\tl\0
  0:00 ClientUserinfoChanged: 0 n\NooB\t\0\model\orbb/default\hmodel\orbb/default\g_redteam\\g_blueteam\\c1\2\c2\5\hc\100\w\0\l\0\tt\0\tl\0
  0:00 ClientBegin: 0
  0:13 ShutdownGame:
  0:13 ------------------------------------------------------------
  0:00 ------------------------------------------------------------
  0:00 InitGame: \g_maxGameClients\0\capturelimit\0\sv_maxclients\8\timelimit\0\fraglimit\0\dmflags\0\g_blueTeam\Pagans\g_redTeam\Stroggs\sv_floodProtect\1\sv_maxPing\0\sv_minPing\0\sv_maxRate\0\sv_punkbuster\0\sv_hostname\Bring It On\version\Q3 1.32 win-x86 Oct  7 2002\g_gametype\0\protocol\68\mapname\Q3DM2\sv_privateClients\0\sv_allowDownload\0\gamename\baseq3\g_needpass\0
  0:00 ClientConnect: 0
  0:00 ClientUserinfoChanged: 0 n\NooB\t\0\model\orbb/default\hmodel\orbb/default\g_redteam\\g_blueteam\\c1\2\c2\5\hc\100\w\0\l\0\tt\0\tl\0
  0:00 ClientUserinfoChanged: 0 n\NooB\t\0\model\orbb/default\hmodel\orbb/default\g_redteam\\g_blueteam\\c1\2\c2\5\hc\100\w\0\l\0\tt\0\tl\0
  0:00 ClientBegin: 0
  1:04 Item: 0 weapon_rocketlauncher
  2:24 ShutdownGame:
  2:24 ------------------------------------------------------------
  0:00 ------------------------------------------------------------
  0:00 InitGame: \sv_hostname\Bring It On\sv_punkbuster\0\sv_maxRate\0\sv_minPing\0\sv_maxPing\0\sv_floodProtect\1\g_redTeam\Stroggs\g_blueTeam\Pagans\dmflags\0\fraglimit\0\timelimit\0\sv_maxclients\8\capturelimit\0\g_maxGameClients\0\version\Q3 1.32 win-x86 Oct  7 2002\g_gametype\0\protocol\68\mapname\Q3DM6\sv_privateClients\0\sv_allowDownload\0\gamename\baseq3\g_needpass\0
  0:00 ClientConnect: 0
  0:00 ClientUserinfoChanged: 0 n\NooB\t\0\model\orbb/default\hmodel\orbb/default\g_redteam\\g_blueteam\\c1\2\c2\5\hc\100\w\0\l\0\tt\0\tl\0
  0:00 ClientUserinfoChanged: 0 n\NooB\t\0\model\orbb/default\hmodel\orbb/default\g_redteam\\g_blueteam\\c1\2\c2\5\hc\100\w\0\l\0\tt\0\tl\0
  0:00 ClientBegin: 0
  0:01 Item: 0 ammo_slugs
  0:03 Item: 0 ammo_bullets
  0:08 Item: 0 weapon_shotgun
  0:32 Item: 0 ammo_rockets
  0:32 Item: 0 ammo_bullets
  0:32 Item: 0 ammo_cells
  0:53 Item: 0 ammo_slugs
  1:43 ShutdownGame:
  1:43 ------------------------------------------------------------
